mode: atomic
github.com/pgmtc/orchard-cli/internal/pkg/config/main.go:10.33,17.2 6 11
github.com/pgmtc/orchard-cli/internal/pkg/config/main.go:19.34,22.38 3 2
github.com/pgmtc/orchard-cli/internal/pkg/config/main.go:33.2,33.12 1 2
github.com/pgmtc/orchard-cli/internal/pkg/config/main.go:22.38,26.3 2 1
github.com/pgmtc/orchard-cli/internal/pkg/config/main.go:26.8,28.46 2 1
github.com/pgmtc/orchard-cli/internal/pkg/config/main.go:28.46,30.4 1 8
github.com/pgmtc/orchard-cli/internal/pkg/config/main.go:36.41,37.19 1 3
github.com/pgmtc/orchard-cli/internal/pkg/config/main.go:41.2,42.16 2 2
github.com/pgmtc/orchard-cli/internal/pkg/config/main.go:46.2,47.16 2 1
github.com/pgmtc/orchard-cli/internal/pkg/config/main.go:50.2,51.12 2 1
github.com/pgmtc/orchard-cli/internal/pkg/config/main.go:37.19,39.3 1 1
github.com/pgmtc/orchard-cli/internal/pkg/config/main.go:42.16,44.3 1 1
github.com/pgmtc/orchard-cli/internal/pkg/config/main.go:47.16,49.3 1 0
github.com/pgmtc/orchard-cli/internal/pkg/config/main.go:54.38,65.2 7 2
github.com/pgmtc/orchard-cli/internal/pkg/config/main.go:67.34,68.19 1 4
github.com/pgmtc/orchard-cli/internal/pkg/config/main.go:74.2,77.19 3 3
github.com/pgmtc/orchard-cli/internal/pkg/config/main.go:85.2,86.16 2 2
github.com/pgmtc/orchard-cli/internal/pkg/config/main.go:90.2,91.12 2 2
github.com/pgmtc/orchard-cli/internal/pkg/config/main.go:68.19,72.3 1 1
github.com/pgmtc/orchard-cli/internal/pkg/config/main.go:77.19,79.17 2 2
github.com/pgmtc/orchard-cli/internal/pkg/config/main.go:82.3,82.28 1 1
github.com/pgmtc/orchard-cli/internal/pkg/config/main.go:79.17,81.4 1 1
github.com/pgmtc/orchard-cli/internal/pkg/config/main.go:86.16,88.3 1 0
github.com/pgmtc/orchard-cli/internal/pkg/common/config.go:15.13,18.2 2 1
github.com/pgmtc/orchard-cli/internal/pkg/common/config.go:20.31,25.2 1 1
github.com/pgmtc/orchard-cli/internal/pkg/common/utils.go:16.51,17.30 1 14
github.com/pgmtc/orchard-cli/internal/pkg/common/utils.go:22.2,22.14 1 3
github.com/pgmtc/orchard-cli/internal/pkg/common/utils.go:17.30,18.23 1 46
github.com/pgmtc/orchard-cli/internal/pkg/common/utils.go:18.23,20.4 1 11
github.com/pgmtc/orchard-cli/internal/pkg/common/utils.go:25.38,26.44 1 2
github.com/pgmtc/orchard-cli/internal/pkg/common/utils.go:26.44,28.3 1 1
github.com/pgmtc/orchard-cli/internal/pkg/common/utils.go:32.45,34.16 2 17
github.com/pgmtc/orchard-cli/internal/pkg/common/utils.go:37.2,39.37 2 17
github.com/pgmtc/orchard-cli/internal/pkg/common/utils.go:43.2,43.8 1 17
github.com/pgmtc/orchard-cli/internal/pkg/common/utils.go:34.16,35.13 1 0
github.com/pgmtc/orchard-cli/internal/pkg/common/utils.go:39.37,42.3 2 1
github.com/pgmtc/orchard-cli/internal/pkg/common/utils.go:46.41,48.54 2 14
github.com/pgmtc/orchard-cli/internal/pkg/common/utils.go:54.2,54.8 1 14
github.com/pgmtc/orchard-cli/internal/pkg/common/utils.go:48.54,50.61 2 1
github.com/pgmtc/orchard-cli/internal/pkg/common/utils.go:50.61,51.14 1 0
github.com/pgmtc/orchard-cli/internal/pkg/common/utils.go:57.90,60.52 3 3
github.com/pgmtc/orchard-cli/internal/pkg/common/utils.go:64.2,64.8 1 3
github.com/pgmtc/orchard-cli/internal/pkg/common/utils.go:60.52,63.3 2 0
github.com/pgmtc/orchard-cli/internal/pkg/common/utils.go:67.73,72.53 4 5
github.com/pgmtc/orchard-cli/internal/pkg/common/utils.go:77.2,78.16 2 3
github.com/pgmtc/orchard-cli/internal/pkg/common/utils.go:83.2,84.8 2 3
github.com/pgmtc/orchard-cli/internal/pkg/common/utils.go:72.53,75.3 2 2
github.com/pgmtc/orchard-cli/internal/pkg/common/utils.go:78.16,81.3 2 0
github.com/pgmtc/orchard-cli/internal/pkg/common/utils.go:87.44,89.2 1 2
github.com/pgmtc/orchard-cli/internal/pkg/common/utils.go:91.34,93.2 1 23
github.com/pgmtc/orchard-cli/internal/pkg/common/utils.go:95.54,98.16 2 2
github.com/pgmtc/orchard-cli/internal/pkg/common/utils.go:103.2,104.51 2 2
github.com/pgmtc/orchard-cli/internal/pkg/common/utils.go:108.2,108.8 1 1
github.com/pgmtc/orchard-cli/internal/pkg/common/utils.go:98.16,101.3 2 0
github.com/pgmtc/orchard-cli/internal/pkg/common/utils.go:104.51,107.3 2 1
github.com/pgmtc/orchard-cli/internal/pkg/common/utils.go:111.37,113.54 2 2
github.com/pgmtc/orchard-cli/internal/pkg/common/utils.go:117.2,118.16 2 1
github.com/pgmtc/orchard-cli/internal/pkg/common/utils.go:122.2,123.8 2 1
github.com/pgmtc/orchard-cli/internal/pkg/common/utils.go:113.54,116.3 2 1
github.com/pgmtc/orchard-cli/internal/pkg/common/utils.go:118.16,121.3 2 0
github.com/pgmtc/orchard-cli/internal/pkg/common/utils.go:126.68,128.16 2 7
github.com/pgmtc/orchard-cli/internal/pkg/common/utils.go:133.2,133.64 1 7
github.com/pgmtc/orchard-cli/internal/pkg/common/utils.go:138.2,138.8 1 5
github.com/pgmtc/orchard-cli/internal/pkg/common/utils.go:128.16,131.3 2 0
github.com/pgmtc/orchard-cli/internal/pkg/common/utils.go:133.64,136.3 2 2
github.com/pgmtc/orchard-cli/internal/pkg/common/utils.go:141.58,143.16 2 2
github.com/pgmtc/orchard-cli/internal/pkg/common/utils.go:147.2,150.8 3 1
github.com/pgmtc/orchard-cli/internal/pkg/common/utils.go:143.16,146.3 2 1
github.com/pgmtc/orchard-cli/internal/pkg/common/utils.go:153.49,156.24 3 1
github.com/pgmtc/orchard-cli/internal/pkg/common/utils.go:160.2,160.29 1 1
github.com/pgmtc/orchard-cli/internal/pkg/common/utils.go:165.2,165.8 1 1
github.com/pgmtc/orchard-cli/internal/pkg/common/utils.go:156.24,158.3 1 0
github.com/pgmtc/orchard-cli/internal/pkg/common/utils.go:160.29,164.3 3 1
github.com/pgmtc/orchard-cli/internal/pkg/common/utils.go:168.69,170.16 2 8
github.com/pgmtc/orchard-cli/internal/pkg/common/utils.go:175.2,175.51 1 6
github.com/pgmtc/orchard-cli/internal/pkg/common/utils.go:179.2,179.8 1 5
github.com/pgmtc/orchard-cli/internal/pkg/common/utils.go:170.16,173.3 2 2
github.com/pgmtc/orchard-cli/internal/pkg/common/utils.go:175.51,178.3 2 1
github.com/pgmtc/orchard-cli/internal/pkg/common/common.go:12.57,14.2 1 7
github.com/pgmtc/orchard-cli/internal/pkg/common/common.go:16.85,17.20 1 6
github.com/pgmtc/orchard-cli/internal/pkg/common/common.go:20.2,20.28 1 5
github.com/pgmtc/orchard-cli/internal/pkg/common/common.go:23.2,25.28 3 5
github.com/pgmtc/orchard-cli/internal/pkg/common/common.go:28.2,28.119 1 1
github.com/pgmtc/orchard-cli/internal/pkg/common/common.go:17.20,19.3 1 1
github.com/pgmtc/orchard-cli/internal/pkg/common/common.go:20.28,22.3 1 4
github.com/pgmtc/orchard-cli/internal/pkg/common/common.go:25.28,27.3 1 4
github.com/pgmtc/orchard-cli/internal/pkg/common/common.go:31.166,32.35 1 8
github.com/pgmtc/orchard-cli/internal/pkg/common/common.go:32.35,33.21 1 9
github.com/pgmtc/orchard-cli/internal/pkg/common/common.go:38.3,38.23 1 8
github.com/pgmtc/orchard-cli/internal/pkg/common/common.go:48.3,48.32 1 6
github.com/pgmtc/orchard-cli/internal/pkg/common/common.go:67.3,67.13 1 3
github.com/pgmtc/orchard-cli/internal/pkg/common/common.go:33.21,35.4 1 1
github.com/pgmtc/orchard-cli/internal/pkg/common/common.go:38.23,39.40 1 2
github.com/pgmtc/orchard-cli/internal/pkg/common/common.go:45.4,45.14 1 2
github.com/pgmtc/orchard-cli/internal/pkg/common/common.go:39.40,41.19 2 16
github.com/pgmtc/orchard-cli/internal/pkg/common/common.go:41.19,43.6 1 8
github.com/pgmtc/orchard-cli/internal/pkg/common/common.go:48.32,49.54 1 11
github.com/pgmtc/orchard-cli/internal/pkg/common/common.go:49.54,51.19 2 8
github.com/pgmtc/orchard-cli/internal/pkg/common/common.go:51.19,52.23 1 4
github.com/pgmtc/orchard-cli/internal/pkg/common/common.go:52.23,54.7 1 3
github.com/pgmtc/orchard-cli/internal/pkg/common/common.go:54.12,56.7 1 1
github.com/pgmtc/orchard-cli/internal/pkg/common/common.go:59.10,60.22 1 3
github.com/pgmtc/orchard-cli/internal/pkg/common/common.go:60.22,62.6 1 1
github.com/pgmtc/orchard-cli/internal/pkg/common/common.go:62.11,64.6 1 2
github.com/pgmtc/orchard-cli/internal/pkg/common/common.go:72.76,74.25 2 4
github.com/pgmtc/orchard-cli/internal/pkg/common/common.go:77.2,77.25 1 4
github.com/pgmtc/orchard-cli/internal/pkg/common/common.go:74.25,76.3 1 10
github.com/pgmtc/orchard-cli/internal/pkg/common/common.go:80.92,81.35 1 4
github.com/pgmtc/orchard-cli/internal/pkg/common/common.go:81.35,84.3 2 1
github.com/pgmtc/orchard-cli/internal/pkg/common/components.go:19.32,22.39 3 5
github.com/pgmtc/orchard-cli/internal/pkg/common/components.go:25.2,25.23 1 5
github.com/pgmtc/orchard-cli/internal/pkg/common/components.go:22.39,24.3 1 40
github.com/pgmtc/orchard-cli/internal/pkg/common/components.go:28.42,31.42 3 12
github.com/pgmtc/orchard-cli/internal/pkg/common/components.go:34.2,34.19 1 12
github.com/pgmtc/orchard-cli/internal/pkg/common/components.go:31.42,33.3 1 96
github.com/pgmtc/orchard-cli/internal/pkg/common/components.go:37.34,39.2 1 22
github.com/pgmtc/orchard-cli/internal/pkg/source/main.go:7.33,11.2 3 2
github.com/pgmtc/orchard-cli/internal/pkg/source/pull.go:5.32,8.2 2 2
github.com/pgmtc/orchard-cli/internal/pkg/builder/build.go:20.68,22.24 2 5
github.com/pgmtc/orchard-cli/internal/pkg/builder/build.go:26.2,26.20 1 5
github.com/pgmtc/orchard-cli/internal/pkg/builder/build.go:31.2,31.29 1 4
github.com/pgmtc/orchard-cli/internal/pkg/builder/build.go:34.2,34.8 1 4
github.com/pgmtc/orchard-cli/internal/pkg/builder/build.go:22.24,24.3 1 0
github.com/pgmtc/orchard-cli/internal/pkg/builder/build.go:26.20,29.3 2 1
github.com/pgmtc/orchard-cli/internal/pkg/builder/build.go:31.29,33.3 1 1
github.com/pgmtc/orchard-cli/internal/pkg/builder/build.go:37.118,38.61 1 2
github.com/pgmtc/orchard-cli/internal/pkg/builder/build.go:42.2,46.24 5 1
github.com/pgmtc/orchard-cli/internal/pkg/builder/build.go:49.2,52.24 3 1
github.com/pgmtc/orchard-cli/internal/pkg/builder/build.go:55.2,61.16 5 1
github.com/pgmtc/orchard-cli/internal/pkg/builder/build.go:66.2,66.19 1 1
github.com/pgmtc/orchard-cli/internal/pkg/builder/build.go:70.2,85.16 4 1
github.com/pgmtc/orchard-cli/internal/pkg/builder/build.go:88.2,110.6 5 1
github.com/pgmtc/orchard-cli/internal/pkg/builder/build.go:139.2,139.8 1 1
github.com/pgmtc/orchard-cli/internal/pkg/builder/build.go:38.61,41.3 2 1
github.com/pgmtc/orchard-cli/internal/pkg/builder/build.go:46.24,48.3 1 0
github.com/pgmtc/orchard-cli/internal/pkg/builder/build.go:52.24,54.3 1 0
github.com/pgmtc/orchard-cli/internal/pkg/builder/build.go:61.16,64.3 2 0
github.com/pgmtc/orchard-cli/internal/pkg/builder/build.go:66.19,68.3 1 0
github.com/pgmtc/orchard-cli/internal/pkg/builder/build.go:85.16,87.3 1 0
github.com/pgmtc/orchard-cli/internal/pkg/builder/build.go:110.6,111.42 1 11
github.com/pgmtc/orchard-cli/internal/pkg/builder/build.go:119.3,119.15 1 10
github.com/pgmtc/orchard-cli/internal/pkg/builder/build.go:111.42,112.21 1 1
github.com/pgmtc/orchard-cli/internal/pkg/builder/build.go:115.4,115.14 1 0
github.com/pgmtc/orchard-cli/internal/pkg/builder/build.go:112.21,113.10 1 1
github.com/pgmtc/orchard-cli/internal/pkg/builder/build.go:120.26,122.10 2 0
github.com/pgmtc/orchard-cli/internal/pkg/builder/build.go:123.51,125.41 2 0
github.com/pgmtc/orchard-cli/internal/pkg/builder/build.go:129.53,131.62 2 8
github.com/pgmtc/orchard-cli/internal/pkg/builder/build.go:125.41,127.5 1 0
github.com/pgmtc/orchard-cli/internal/pkg/builder/build.go:131.62,135.5 2 1
github.com/pgmtc/orchard-cli/internal/pkg/builder/build.go:142.73,143.55 1 3
github.com/pgmtc/orchard-cli/internal/pkg/builder/build.go:147.2,148.16 2 2
github.com/pgmtc/orchard-cli/internal/pkg/builder/build.go:153.2,155.48 3 2
github.com/pgmtc/orchard-cli/internal/pkg/builder/build.go:159.2,160.16 2 2
github.com/pgmtc/orchard-cli/internal/pkg/builder/build.go:164.2,168.22 4 2
github.com/pgmtc/orchard-cli/internal/pkg/builder/build.go:143.55,145.3 1 1
github.com/pgmtc/orchard-cli/internal/pkg/builder/build.go:148.16,150.3 1 0
github.com/pgmtc/orchard-cli/internal/pkg/builder/build.go:155.48,157.3 1 0
github.com/pgmtc/orchard-cli/internal/pkg/builder/build.go:160.16,162.3 1 0
github.com/pgmtc/orchard-cli/internal/pkg/builder/build.go:171.34,176.2 1 1
github.com/pgmtc/orchard-cli/internal/pkg/builder/main.go:7.33,11.2 3 2
github.com/pgmtc/orchard-cli/internal/pkg/builder/main.go:13.88,16.2 2 0
github.com/pgmtc/orchard-cli/internal/pkg/local/docker.go:19.59,21.16 2 2
github.com/pgmtc/orchard-cli/internal/pkg/local/docker.go:24.2,24.26 1 2
github.com/pgmtc/orchard-cli/internal/pkg/local/docker.go:29.2,29.8 1 2
github.com/pgmtc/orchard-cli/internal/pkg/local/docker.go:21.16,22.13 1 0
github.com/pgmtc/orchard-cli/internal/pkg/local/docker.go:24.26,25.36 1 54
github.com/pgmtc/orchard-cli/internal/pkg/local/docker.go:25.36,27.4 1 54
github.com/pgmtc/orchard-cli/internal/pkg/local/docker.go:32.69,33.59 1 1
github.com/pgmtc/orchard-cli/internal/pkg/local/docker.go:42.2,42.111 1 0
github.com/pgmtc/orchard-cli/internal/pkg/local/docker.go:33.59,36.17 3 1
github.com/pgmtc/orchard-cli/internal/pkg/local/docker.go:39.3,40.13 2 1
github.com/pgmtc/orchard-cli/internal/pkg/local/docker.go:36.17,38.4 1 0
github.com/pgmtc/orchard-cli/internal/pkg/local/docker.go:45.64,49.16 2 15
github.com/pgmtc/orchard-cli/internal/pkg/local/docker.go:53.2,54.39 2 15
github.com/pgmtc/orchard-cli/internal/pkg/local/docker.go:60.2,60.26 1 15
github.com/pgmtc/orchard-cli/internal/pkg/local/docker.go:49.16,51.3 1 0
github.com/pgmtc/orchard-cli/internal/pkg/local/docker.go:54.39,55.41 1 131
github.com/pgmtc/orchard-cli/internal/pkg/local/docker.go:55.41,58.4 2 372
github.com/pgmtc/orchard-cli/internal/pkg/local/docker.go:63.97,64.59 1 2
github.com/pgmtc/orchard-cli/internal/pkg/local/docker.go:72.2,72.134 1 0
github.com/pgmtc/orchard-cli/internal/pkg/local/docker.go:64.59,67.125 2 2
github.com/pgmtc/orchard-cli/internal/pkg/local/docker.go:70.3,70.13 1 2
github.com/pgmtc/orchard-cli/internal/pkg/local/docker.go:67.125,69.4 1 0
github.com/pgmtc/orchard-cli/internal/pkg/local/docker.go:75.96,76.59 1 3
github.com/pgmtc/orchard-cli/internal/pkg/local/docker.go:83.2,83.140 1 0
github.com/pgmtc/orchard-cli/internal/pkg/local/docker.go:76.59,78.98 2 3
github.com/pgmtc/orchard-cli/internal/pkg/local/docker.go:81.3,81.13 1 3
github.com/pgmtc/orchard-cli/internal/pkg/local/docker.go:78.98,80.4 1 0
github.com/pgmtc/orchard-cli/internal/pkg/local/docker.go:86.98,87.59 1 4
github.com/pgmtc/orchard-cli/internal/pkg/local/docker.go:99.2,99.136 1 1
github.com/pgmtc/orchard-cli/internal/pkg/local/docker.go:87.59,88.35 1 3
github.com/pgmtc/orchard-cli/internal/pkg/local/docker.go:93.3,94.127 2 3
github.com/pgmtc/orchard-cli/internal/pkg/local/docker.go:97.3,97.13 1 3
github.com/pgmtc/orchard-cli/internal/pkg/local/docker.go:88.35,89.69 1 2
github.com/pgmtc/orchard-cli/internal/pkg/local/docker.go:89.69,91.5 1 0
github.com/pgmtc/orchard-cli/internal/pkg/local/docker.go:94.127,96.4 1 0
github.com/pgmtc/orchard-cli/internal/pkg/local/docker.go:102.98,103.79 1 4
github.com/pgmtc/orchard-cli/internal/pkg/local/docker.go:107.2,107.51 1 3
github.com/pgmtc/orchard-cli/internal/pkg/local/docker.go:110.2,116.59 6 3
github.com/pgmtc/orchard-cli/internal/pkg/local/docker.go:123.2,137.16 6 3
github.com/pgmtc/orchard-cli/internal/pkg/local/docker.go:141.2,142.12 2 3
github.com/pgmtc/orchard-cli/internal/pkg/local/docker.go:103.79,105.3 1 1
github.com/pgmtc/orchard-cli/internal/pkg/local/docker.go:107.51,109.3 1 0
github.com/pgmtc/orchard-cli/internal/pkg/local/docker.go:116.59,120.3 3 1
github.com/pgmtc/orchard-cli/internal/pkg/local/docker.go:137.16,139.3 1 0
github.com/pgmtc/orchard-cli/internal/pkg/local/docker.go:145.72,149.16 4 14
github.com/pgmtc/orchard-cli/internal/pkg/local/docker.go:153.2,153.44 1 14
github.com/pgmtc/orchard-cli/internal/pkg/local/docker.go:149.16,151.3 1 0
github.com/pgmtc/orchard-cli/internal/pkg/local/docker.go:153.44,155.3 1 9
github.com/pgmtc/orchard-cli/internal/pkg/local/docker.go:155.8,157.3 1 5
github.com/pgmtc/orchard-cli/internal/pkg/local/docker.go:160.39,162.16 2 32
github.com/pgmtc/orchard-cli/internal/pkg/local/docker.go:165.2,165.12 1 32
github.com/pgmtc/orchard-cli/internal/pkg/local/docker.go:162.16,163.13 1 0
github.com/pgmtc/orchard-cli/internal/pkg/local/docker.go:168.92,171.16 3 3
github.com/pgmtc/orchard-cli/internal/pkg/local/docker.go:174.2,177.12 4 2
github.com/pgmtc/orchard-cli/internal/pkg/local/docker.go:171.16,173.3 1 1
github.com/pgmtc/orchard-cli/internal/pkg/local/http.go:9.48,10.23 1 14
github.com/pgmtc/orchard-cli/internal/pkg/local/http.go:14.2,15.69 1 10
github.com/pgmtc/orchard-cli/internal/pkg/local/http.go:20.2,21.16 2 10
github.com/pgmtc/orchard-cli/internal/pkg/local/http.go:26.2,27.43 2 9
github.com/pgmtc/orchard-cli/internal/pkg/local/http.go:10.23,12.3 1 4
github.com/pgmtc/orchard-cli/internal/pkg/local/http.go:15.69,17.4 1 1
github.com/pgmtc/orchard-cli/internal/pkg/local/http.go:21.16,25.3 2 1
github.com/pgmtc/orchard-cli/internal/pkg/local/main.go:12.33,23.2 10 2
github.com/pgmtc/orchard-cli/internal/pkg/local/main.go:25.118,26.35 1 6
github.com/pgmtc/orchard-cli/internal/pkg/local/main.go:26.35,27.21 1 4
github.com/pgmtc/orchard-cli/internal/pkg/local/main.go:30.3,32.53 3 3
github.com/pgmtc/orchard-cli/internal/pkg/local/main.go:35.3,35.128 1 1
github.com/pgmtc/orchard-cli/internal/pkg/local/main.go:27.21,29.4 1 1
github.com/pgmtc/orchard-cli/internal/pkg/local/main.go:32.53,34.4 1 2
github.com/pgmtc/orchard-cli/internal/pkg/local/main.go:39.34,44.16 4 1
github.com/pgmtc/orchard-cli/internal/pkg/local/main.go:48.2,50.36 3 1
github.com/pgmtc/orchard-cli/internal/pkg/local/main.go:102.2,104.12 3 1
github.com/pgmtc/orchard-cli/internal/pkg/local/main.go:44.16,46.3 1 0
github.com/pgmtc/orchard-cli/internal/pkg/local/main.go:50.36,56.54 6 8
github.com/pgmtc/orchard-cli/internal/pkg/local/main.go:64.3,64.44 1 8
github.com/pgmtc/orchard-cli/internal/pkg/local/main.go:69.3,69.22 1 8
github.com/pgmtc/orchard-cli/internal/pkg/local/main.go:76.3,76.17 1 8
github.com/pgmtc/orchard-cli/internal/pkg/local/main.go:83.3,83.16 1 8
github.com/pgmtc/orchard-cli/internal/pkg/local/main.go:92.3,92.21 1 8
github.com/pgmtc/orchard-cli/internal/pkg/local/main.go:99.3,99.115 1 8
github.com/pgmtc/orchard-cli/internal/pkg/local/main.go:56.54,59.26 3 8
github.com/pgmtc/orchard-cli/internal/pkg/local/main.go:59.26,61.5 1 8
github.com/pgmtc/orchard-cli/internal/pkg/local/main.go:64.44,66.4 1 8
github.com/pgmtc/orchard-cli/internal/pkg/local/main.go:70.14,71.48 1 8
github.com/pgmtc/orchard-cli/internal/pkg/local/main.go:72.13,73.48 1 0
github.com/pgmtc/orchard-cli/internal/pkg/local/main.go:77.14,78.46 1 8
github.com/pgmtc/orchard-cli/internal/pkg/local/main.go:79.13,80.46 1 0
github.com/pgmtc/orchard-cli/internal/pkg/local/main.go:84.18,85.38 1 8
github.com/pgmtc/orchard-cli/internal/pkg/local/main.go:86.17,87.37 1 0
github.com/pgmtc/orchard-cli/internal/pkg/local/main.go:88.18,89.36 1 0
github.com/pgmtc/orchard-cli/internal/pkg/local/main.go:93.14,94.48 1 5
github.com/pgmtc/orchard-cli/internal/pkg/local/main.go:95.11,96.46 1 3
