<?xml version="1.0" encoding="UTF-8"?>
<testsuites>
	<testsuite tests="0" failures="0" time="0.000" name="github.com/pgmtc/orchard-cli/internal/pkg/common">
		<properties>
			<property name="go.version" value="go1.11.4"></property>
			<property name="coverage.statements.pct" value="100.0"></property>
		</properties>
	</testsuite>
	<testsuite tests="0" failures="0" time="0.000" name="github.com/pgmtc/orchard-cli/internal/pkg/local">
		<properties>
			<property name="go.version" value="go1.11.4"></property>
			<property name="coverage.statements.pct" value="90.3"></property>
		</properties>
	</testsuite>
	<testsuite tests="0" failures="0" time="0.000" name="github.com/pgmtc/orchard-cli/internal/pkg/source">
		<properties>
			<property name="go.version" value="go1.11.4"></property>
			<property name="coverage.statements.pct" value="100.0"></property>
		</properties>
	</testsuite>
</testsuites>
